{"/Users/erichamilt0n/repos/lodge2a/l2a-mobile-app/src/App.tsx": {"path":"/Users/erichamilt0n/repos/lodge2a/l2a-mobile-app/src/App.tsx","statementMap":{"0":{"start":{"line":1,"column":0},"end":{"line":1,"column":86}},"1":{"start":{"line":2,"column":0},"end":{"line":2,"column":32}},"2":{"start":{"line":3,"column":0},"end":{"line":3,"column":33}},"3":{"start":{"line":4,"column":0},"end":{"line":4,"column":33}},"4":{"start":{"line":5,"column":0},"end":{"line":5,"column":35}},"5":{"start":{"line":6,"column":0},"end":{"line":6,"column":47}},"6":{"start":{"line":7,"column":0},"end":{"line":7,"column":41}},"7":{"start":{"line":8,"column":0},"end":{"line":8,"column":37}},"8":{"start":{"line":9,"column":0},"end":{"line":9,"column":39}},"9":{"start":{"line":10,"column":0},"end":{"line":10,"column":49}},"10":{"start":{"line":11,"column":0},"end":{"line":11,"column":45}},"11":{"start":{"line":12,"column":0},"end":{"line":12,"column":37}},"12":{"start":{"line":13,"column":0},"end":{"line":13,"column":70}},"13":{"start":{"line":16,"column":50},"end":{"line":16,"column":65}},"14":{"start":{"line":17,"column":19},"end":{"line":17,"column":32}},"15":{"start":{"line":18,"column":22},"end":{"line":18,"column":47}},"16":{"start":{"line":20,"column":26},"end":{"line":22,"column":3}},"17":{"start":{"line":21,"column":4},"end":{"line":21,"column":null}},"18":{"start":{"line":24,"column":2},"end":{"line":57,"column":null}},"19":{"start":{"line":31,"column":14},"end":{"line":31,"column":null}},"20":{"start":{"line":61,"column":2},"end":{"line":70,"column":null}},"21":{"start":{"line":73,"column":0},"end":{"line":73,"column":null}}},"fnMap":{"0":{"name":"AppContent","decl":{"start":{"line":15,"column":9},"end":{"line":15,"column":19}},"loc":{"start":{"line":15,"column":19},"end":{"line":58,"column":1}}},"1":{"name":"(anonymous_8)","decl":{"start":{"line":20,"column":26},"end":{"line":20,"column":29}},"loc":{"start":{"line":20,"column":31},"end":{"line":22,"column":3}}},"2":{"name":"(anonymous_9)","decl":{"start":{"line":30,"column":21},"end":{"line":30,"column":24}},"loc":{"start":{"line":30,"column":26},"end":{"line":32,"column":13}}},"3":{"name":"App","decl":{"start":{"line":60,"column":9},"end":{"line":60,"column":12}},"loc":{"start":{"line":60,"column":12},"end":{"line":71,"column":1}}}},"branchMap":{"0":{"loc":{"start":{"line":26,"column":7},"end":{"line":49,"column":null}},"type":"binary-expr","locations":[{"start":{"line":26,"column":7},"end":{"line":26,"column":19}},{"start":{"line":27,"column":8},"end":{"line":48,"column":null}}]},"1":{"loc":{"start":{"line":51,"column":7},"end":{"line":54,"column":null}},"type":"binary-expr","locations":[{"start":{"line":51,"column":7},"end":{"line":51,"column":18}},{"start":{"line":52,"column":8},"end":{"line":53,"column":null}}]}},"s":{"0":1,"1":1,"2":1,"3":1,"4":1,"5":1,"6":1,"7":1,"8":1,"9":1,"10":1,"11":1,"12":1,"13":1,"14":1,"15":1,"16":1,"17":0,"18":1,"19":0,"20":1,"21":1},"f":{"0":1,"1":0,"2":0,"3":1},"b":{"0":[1,0],"1":[1,1]}}
,"/Users/erichamilt0n/repos/lodge2a/l2a-mobile-app/src/components/Calendar.tsx": {"path":"/Users/erichamilt0n/repos/lodge2a/l2a-mobile-app/src/components/Calendar.tsx","statementMap":{"0":{"start":{"line":1,"column":0},"end":{"line":1,"column":32}},"1":{"start":{"line":16,"column":42},"end":{"line":16,"column":75}},"2":{"start":{"line":17,"column":40},"end":{"line":17,"column":76}},"3":{"start":{"line":19,"column":17},"end":{"line":32,"column":null}},"4":{"start":{"line":34,"column":22},"end":{"line":34,"column":74}},"5":{"start":{"line":35,"column":26},"end":{"line":35,"column":73}},"6":{"start":{"line":37,"column":31},"end":{"line":82,"column":3}},"7":{"start":{"line":38,"column":17},"end":{"line":38,"column":19}},"8":{"start":{"line":39,"column":30},"end":{"line":39,"column":78}},"9":{"start":{"line":42,"column":4},"end":{"line":48,"column":5}},"10":{"start":{"line":42,"column":17},"end":{"line":42,"column":36}},"11":{"start":{"line":43,"column":6},"end":{"line":47,"column":null}},"12":{"start":{"line":51,"column":18},"end":{"line":51,"column":28}},"13":{"start":{"line":52,"column":4},"end":{"line":69,"column":5}},"14":{"start":{"line":52,"column":17},"end":{"line":52,"column":18}},"15":{"start":{"line":53,"column":19},"end":{"line":53,"column":57}},"16":{"start":{"line":54,"column":25},"end":{"line":54,"column":83}},"17":{"start":{"line":56,"column":6},"end":{"line":68,"column":null}},"18":{"start":{"line":72,"column":26},"end":{"line":72,"column":42}},"19":{"start":{"line":73,"column":4},"end":{"line":79,"column":5}},"20":{"start":{"line":73,"column":17},"end":{"line":73,"column":18}},"21":{"start":{"line":74,"column":6},"end":{"line":78,"column":null}},"22":{"start":{"line":81,"column":4},"end":{"line":81,"column":null}},"23":{"start":{"line":84,"column":30},"end":{"line":91,"column":3}},"24":{"start":{"line":85,"column":4},"end":{"line":90,"column":5}},"25":{"start":{"line":86,"column":6},"end":{"line":86,"column":null}},"26":{"start":{"line":87,"column":6},"end":{"line":87,"column":null}},"27":{"start":{"line":89,"column":6},"end":{"line":89,"column":null}},"28":{"start":{"line":93,"column":26},"end":{"line":100,"column":3}},"29":{"start":{"line":94,"column":4},"end":{"line":99,"column":5}},"30":{"start":{"line":95,"column":6},"end":{"line":95,"column":null}},"31":{"start":{"line":96,"column":6},"end":{"line":96,"column":null}},"32":{"start":{"line":98,"column":6},"end":{"line":98,"column":null}},"33":{"start":{"line":102,"column":26},"end":{"line":110,"column":3}},"34":{"start":{"line":103,"column":4},"end":{"line":103,"column":31}},"35":{"start":{"line":103,"column":25},"end":{"line":103,"column":31}},"36":{"start":{"line":105,"column":25},"end":{"line":105,"column":65}},"37":{"start":{"line":106,"column":4},"end":{"line":106,"column":49}},"38":{"start":{"line":106,"column":43},"end":{"line":106,"column":49}},"39":{"start":{"line":107,"column":4},"end":{"line":107,"column":49}},"40":{"start":{"line":107,"column":43},"end":{"line":107,"column":49}},"41":{"start":{"line":109,"column":4},"end":{"line":109,"column":null}},"42":{"start":{"line":112,"column":2},"end":{"line":205,"column":null}},"43":{"start":{"line":133,"column":14},"end":{"line":133,"column":null}},"44":{"start":{"line":139,"column":14},"end":{"line":139,"column":34}},"45":{"start":{"line":147,"column":14},"end":{"line":147,"column":null}},"46":{"start":{"line":152,"column":50},"end":{"line":152,"column":69}},"47":{"start":{"line":153,"column":14},"end":{"line":153,"column":33}},"48":{"start":{"line":172,"column":10},"end":{"line":172,"column":25}},"49":{"start":{"line":180,"column":10},"end":{"line":181,"column":null}},"50":{"start":{"line":183,"column":14},"end":{"line":183,"column":null}},"51":{"start":{"line":10,"column":0},"end":{"line":10,"column":24}}},"fnMap":{"0":{"name":"Calendar","decl":{"start":{"line":10,"column":24},"end":{"line":10,"column":32}},"loc":{"start":{"line":15,"column":16},"end":{"line":206,"column":1}}},"1":{"name":"(anonymous_1)","decl":{"start":{"line":37,"column":31},"end":{"line":37,"column":34}},"loc":{"start":{"line":37,"column":36},"end":{"line":82,"column":3}}},"2":{"name":"(anonymous_2)","decl":{"start":{"line":84,"column":30},"end":{"line":84,"column":33}},"loc":{"start":{"line":84,"column":35},"end":{"line":91,"column":3}}},"3":{"name":"(anonymous_3)","decl":{"start":{"line":93,"column":26},"end":{"line":93,"column":29}},"loc":{"start":{"line":93,"column":31},"end":{"line":100,"column":3}}},"4":{"name":"(anonymous_4)","decl":{"start":{"line":102,"column":26},"end":{"line":102,"column":27}},"loc":{"start":{"line":102,"column":67},"end":{"line":110,"column":3}}},"5":{"name":"(anonymous_5)","decl":{"start":{"line":132,"column":22},"end":{"line":132,"column":23}},"loc":{"start":{"line":132,"column":26},"end":{"line":134,"column":13}}},"6":{"name":"(anonymous_6)","decl":{"start":{"line":138,"column":24},"end":{"line":138,"column":25}},"loc":{"start":{"line":139,"column":14},"end":{"line":139,"column":34}}},"7":{"name":"(anonymous_7)","decl":{"start":{"line":146,"column":22},"end":{"line":146,"column":23}},"loc":{"start":{"line":146,"column":26},"end":{"line":148,"column":13}}},"8":{"name":"(anonymous_8)","decl":{"start":{"line":152,"column":40},"end":{"line":152,"column":41}},"loc":{"start":{"line":152,"column":50},"end":{"line":152,"column":69}}},"9":{"name":"(anonymous_9)","decl":{"start":{"line":152,"column":75},"end":{"line":152,"column":79}},"loc":{"start":{"line":153,"column":14},"end":{"line":153,"column":33}}},"10":{"name":"(anonymous_10)","decl":{"start":{"line":171,"column":63},"end":{"line":171,"column":66}},"loc":{"start":{"line":172,"column":10},"end":{"line":172,"column":25}}},"11":{"name":"(anonymous_11)","decl":{"start":{"line":179,"column":36},"end":{"line":179,"column":37}},"loc":{"start":{"line":180,"column":10},"end":{"line":181,"column":null}}},"12":{"name":"(anonymous_12)","decl":{"start":{"line":182,"column":21},"end":{"line":182,"column":24}},"loc":{"start":{"line":182,"column":26},"end":{"line":184,"column":13}}}},"branchMap":{"0":{"loc":{"start":{"line":12,"column":2},"end":{"line":12,"column":27}},"type":"default-arg","locations":[{"start":{"line":12,"column":17},"end":{"line":12,"column":27}}]},"1":{"loc":{"start":{"line":54,"column":25},"end":{"line":54,"column":83}},"type":"binary-expr","locations":[{"start":{"line":54,"column":26},"end":{"line":54,"column":33}},{"start":{"line":54,"column":37},"end":{"line":54,"column":51}},{"start":{"line":54,"column":57},"end":{"line":54,"column":64}},{"start":{"line":54,"column":68},"end":{"line":54,"column":82}}]},"2":{"loc":{"start":{"line":60,"column":10},"end":{"line":62,"column":45}},"type":"binary-expr","locations":[{"start":{"line":60,"column":10},"end":{"line":60,"column":31}},{"start":{"line":61,"column":10},"end":{"line":61,"column":43}},{"start":{"line":62,"column":10},"end":{"line":62,"column":45}}]},"3":{"loc":{"start":{"line":64,"column":10},"end":{"line":66,"column":52}},"type":"binary-expr","locations":[{"start":{"line":64,"column":10},"end":{"line":64,"column":38}},{"start":{"line":65,"column":10},"end":{"line":65,"column":50}},{"start":{"line":66,"column":10},"end":{"line":66,"column":52}}]},"4":{"loc":{"start":{"line":85,"column":4},"end":{"line":90,"column":5}},"type":"if","locations":[{"start":{"line":85,"column":4},"end":{"line":90,"column":5}},{"start":{"line":88,"column":11},"end":{"line":90,"column":5}}]},"5":{"loc":{"start":{"line":94,"column":4},"end":{"line":99,"column":5}},"type":"if","locations":[{"start":{"line":94,"column":4},"end":{"line":99,"column":5}},{"start":{"line":97,"column":11},"end":{"line":99,"column":5}}]},"6":{"loc":{"start":{"line":103,"column":4},"end":{"line":103,"column":31}},"type":"if","locations":[{"start":{"line":103,"column":4},"end":{"line":103,"column":31}}]},"7":{"loc":{"start":{"line":106,"column":4},"end":{"line":106,"column":49}},"type":"if","locations":[{"start":{"line":106,"column":4},"end":{"line":106,"column":49}}]},"8":{"loc":{"start":{"line":106,"column":8},"end":{"line":106,"column":41}},"type":"binary-expr","locations":[{"start":{"line":106,"column":8},"end":{"line":106,"column":15}},{"start":{"line":106,"column":19},"end":{"line":106,"column":41}}]},"9":{"loc":{"start":{"line":107,"column":4},"end":{"line":107,"column":49}},"type":"if","locations":[{"start":{"line":107,"column":4},"end":{"line":107,"column":49}}]},"10":{"loc":{"start":{"line":107,"column":8},"end":{"line":107,"column":41}},"type":"binary-expr","locations":[{"start":{"line":107,"column":8},"end":{"line":107,"column":15}},{"start":{"line":107,"column":19},"end":{"line":107,"column":41}}]},"11":{"loc":{"start":{"line":185,"column":22},"end":{"line":185,"column":59}},"type":"binary-expr","locations":[{"start":{"line":185,"column":22},"end":{"line":185,"column":36}},{"start":{"line":185,"column":40},"end":{"line":185,"column":59}}]},"12":{"loc":{"start":{"line":189,"column":16},"end":{"line":195,"column":null}},"type":"cond-expr","locations":[{"start":{"line":190,"column":20},"end":{"line":194,"column":54}},{"start":{"line":195,"column":20},"end":{"line":195,"column":null}}]},"13":{"loc":{"start":{"line":190,"column":20},"end":{"line":194,"column":54}},"type":"cond-expr","locations":[{"start":{"line":191,"column":22},"end":{"line":191,"column":47}},{"start":{"line":192,"column":22},"end":{"line":194,"column":54}}]},"14":{"loc":{"start":{"line":192,"column":22},"end":{"line":194,"column":54}},"type":"cond-expr","locations":[{"start":{"line":193,"column":24},"end":{"line":193,"column":49}},{"start":{"line":194,"column":24},"end":{"line":194,"column":54}}]},"15":{"loc":{"start":{"line":197,"column":16},"end":{"line":197,"column":106}},"type":"cond-expr","locations":[{"start":{"line":197,"column":56},"end":{"line":197,"column":87}},{"start":{"line":197,"column":90},"end":{"line":197,"column":106}}]},"16":{"loc":{"start":{"line":197,"column":16},"end":{"line":197,"column":53}},"type":"binary-expr","locations":[{"start":{"line":197,"column":16},"end":{"line":197,"column":30}},{"start":{"line":197,"column":34},"end":{"line":197,"column":53}}]}},"s":{"0":1,"1":14,"2":14,"3":14,"4":14,"5":14,"6":14,"7":14,"8":14,"9":14,"10":14,"11":19,"12":14,"13":14,"14":14,"15":432,"16":432,"17":432,"18":14,"19":14,"20":14,"21":137,"22":14,"23":14,"24":2,"25":1,"26":1,"27":1,"28":14,"29":2,"30":1,"31":1,"32":1,"33":14,"34":1,"35":0,"36":1,"37":1,"38":0,"39":1,"40":0,"41":1,"42":14,"43":1,"44":168,"45":1,"46":140,"47":140,"48":98,"49":588,"50":1,"51":1},"f":{"0":14,"1":14,"2":2,"3":2,"4":1,"5":1,"6":168,"7":1,"8":140,"9":140,"10":98,"11":588,"12":1},"b":{"0":[9],"1":[432,31,428,27],"2":[432,14,10],"3":[432,14,11],"4":[1,1],"5":[1,1],"6":[0],"7":[0],"8":[1,0],"9":[0],"10":[1,0],"11":[588,578],"12":[432,156],"13":[8,424],"14":[3,421],"15":[166,422],"16":[588,578]}}
,"/Users/erichamilt0n/repos/lodge2a/l2a-mobile-app/src/components/Navigation.tsx": {"path":"/Users/erichamilt0n/repos/lodge2a/l2a-mobile-app/src/components/Navigation.tsx","statementMap":{"0":{"start":{"line":1,"column":0},"end":{"line":1,"column":65}},"1":{"start":{"line":9,"column":19},"end":{"line":9,"column":32}},"2":{"start":{"line":10,"column":19},"end":{"line":10,"column":32}},"3":{"start":{"line":12,"column":27},"end":{"line":12,"column":35}},"4":{"start":{"line":14,"column":27},"end":{"line":16,"column":3}},"5":{"start":{"line":15,"column":4},"end":{"line":15,"column":null}},"6":{"start":{"line":18,"column":23},"end":{"line":20,"column":3}},"7":{"start":{"line":19,"column":4},"end":{"line":19,"column":null}},"8":{"start":{"line":22,"column":20},"end":{"line":113,"column":null}},"9":{"start":{"line":115,"column":2},"end":{"line":202,"column":null}},"10":{"start":{"line":146,"column":12},"end":{"line":147,"column":null}},"11":{"start":{"line":8,"column":0},"end":{"line":8,"column":24}},"12":{"start":{"line":206,"column":2},"end":{"line":221,"column":null}},"13":{"start":{"line":205,"column":0},"end":{"line":205,"column":16}}},"fnMap":{"0":{"name":"Navigation","decl":{"start":{"line":8,"column":24},"end":{"line":8,"column":34}},"loc":{"start":{"line":8,"column":71},"end":{"line":203,"column":1}}},"1":{"name":"(anonymous_1)","decl":{"start":{"line":12,"column":27},"end":{"line":12,"column":30}},"loc":{"start":{"line":12,"column":32},"end":{"line":12,"column":35}}},"2":{"name":"(anonymous_2)","decl":{"start":{"line":14,"column":27},"end":{"line":14,"column":30}},"loc":{"start":{"line":14,"column":32},"end":{"line":16,"column":3}}},"3":{"name":"(anonymous_3)","decl":{"start":{"line":18,"column":23},"end":{"line":18,"column":26}},"loc":{"start":{"line":18,"column":28},"end":{"line":20,"column":3}}},"4":{"name":"(anonymous_4)","decl":{"start":{"line":145,"column":25},"end":{"line":145,"column":29}},"loc":{"start":{"line":146,"column":12},"end":{"line":147,"column":null}}},"5":{"name":"MobileMenuButton","decl":{"start":{"line":205,"column":16},"end":{"line":205,"column":32}},"loc":{"start":{"line":205,"column":69},"end":{"line":222,"column":1}}}},"branchMap":{"0":{"loc":{"start":{"line":118,"column":7},"end":{"line":123,"column":null}},"type":"binary-expr","locations":[{"start":{"line":118,"column":7},"end":{"line":118,"column":13}},{"start":{"line":119,"column":8},"end":{"line":122,"column":null}}]},"1":{"loc":{"start":{"line":131,"column":12},"end":{"line":131,"column":78}},"type":"cond-expr","locations":[{"start":{"line":131,"column":21},"end":{"line":131,"column":36}},{"start":{"line":131,"column":39},"end":{"line":131,"column":78}}]},"2":{"loc":{"start":{"line":139,"column":143},"end":{"line":139,"column":174}},"type":"binary-expr","locations":[{"start":{"line":139,"column":143},"end":{"line":139,"column":150}},{"start":{"line":139,"column":154},"end":{"line":139,"column":174}}]},"3":{"loc":{"start":{"line":152,"column":18},"end":{"line":154,"column":null}},"type":"cond-expr","locations":[{"start":{"line":153,"column":22},"end":{"line":153,"column":46}},{"start":{"line":154,"column":22},"end":{"line":154,"column":null}}]}},"s":{"0":2,"1":6,"2":6,"3":6,"4":6,"5":1,"6":6,"7":1,"8":6,"9":6,"10":36,"11":2,"12":1,"13":2},"f":{"0":6,"1":0,"2":1,"3":1,"4":36,"5":1},"b":{"0":[6,6],"1":[6,0],"2":[6,0],"3":[3,33]}}
,"/Users/erichamilt0n/repos/lodge2a/l2a-mobile-app/src/components/SettingsLayout.tsx": {"path":"/Users/erichamilt0n/repos/lodge2a/l2a-mobile-app/src/components/SettingsLayout.tsx","statementMap":{"0":{"start":{"line":2,"column":0},"end":{"line":2,"column":52}},"1":{"start":{"line":11,"column":19},"end":{"line":11,"column":32}},"2":{"start":{"line":13,"column":2},"end":{"line":127,"column":null}},"3":{"start":{"line":10,"column":0},"end":{"line":10,"column":24}}},"fnMap":{"0":{"name":"SettingsLayout","decl":{"start":{"line":10,"column":24},"end":{"line":10,"column":38}},"loc":{"start":{"line":10,"column":92},"end":{"line":128,"column":1}}}},"branchMap":{"0":{"loc":{"start":{"line":25,"column":12},"end":{"line":25,"column":null}},"type":"cond-expr","locations":[{"start":{"line":25,"column":47},"end":{"line":25,"column":70}},{"start":{"line":25,"column":73},"end":{"line":25,"column":null}}]},"1":{"loc":{"start":{"line":49,"column":12},"end":{"line":49,"column":null}},"type":"cond-expr","locations":[{"start":{"line":49,"column":52},"end":{"line":49,"column":75}},{"start":{"line":49,"column":78},"end":{"line":49,"column":null}}]},"2":{"loc":{"start":{"line":73,"column":12},"end":{"line":73,"column":null}},"type":"cond-expr","locations":[{"start":{"line":73,"column":53},"end":{"line":73,"column":76}},{"start":{"line":73,"column":79},"end":{"line":73,"column":null}}]},"3":{"loc":{"start":{"line":97,"column":12},"end":{"line":97,"column":null}},"type":"cond-expr","locations":[{"start":{"line":97,"column":51},"end":{"line":97,"column":74}},{"start":{"line":97,"column":77},"end":{"line":97,"column":null}}]}},"s":{"0":2,"1":4,"2":4,"3":2},"f":{"0":4},"b":{"0":[0,4],"1":[0,4],"2":[0,4],"3":[0,4]}}
,"/Users/erichamilt0n/repos/lodge2a/l2a-mobile-app/src/components/icons/index.tsx": {"path":"/Users/erichamilt0n/repos/lodge2a/l2a-mobile-app/src/components/icons/index.tsx","statementMap":{"0":{"start":{"line":7,"column":45},"end":{"line":15,"column":null}},"1":{"start":{"line":8,"column":2},"end":{"line":14,"column":null}},"2":{"start":{"line":7,"column":13},"end":{"line":7,"column":45}},"3":{"start":{"line":18,"column":46},"end":{"line":26,"column":null}},"4":{"start":{"line":19,"column":2},"end":{"line":25,"column":null}},"5":{"start":{"line":18,"column":13},"end":{"line":18,"column":46}},"6":{"start":{"line":29,"column":46},"end":{"line":37,"column":null}},"7":{"start":{"line":30,"column":2},"end":{"line":36,"column":null}},"8":{"start":{"line":29,"column":13},"end":{"line":29,"column":46}},"9":{"start":{"line":40,"column":44},"end":{"line":48,"column":null}},"10":{"start":{"line":41,"column":2},"end":{"line":47,"column":null}},"11":{"start":{"line":40,"column":13},"end":{"line":40,"column":44}}},"fnMap":{"0":{"name":"(anonymous_0)","decl":{"start":{"line":7,"column":45},"end":{"line":7,"column":46}},"loc":{"start":{"line":8,"column":2},"end":{"line":14,"column":null}}},"1":{"name":"(anonymous_1)","decl":{"start":{"line":18,"column":46},"end":{"line":18,"column":47}},"loc":{"start":{"line":19,"column":2},"end":{"line":25,"column":null}}},"2":{"name":"(anonymous_2)","decl":{"start":{"line":29,"column":46},"end":{"line":29,"column":47}},"loc":{"start":{"line":30,"column":2},"end":{"line":36,"column":null}}},"3":{"name":"(anonymous_3)","decl":{"start":{"line":40,"column":44},"end":{"line":40,"column":45}},"loc":{"start":{"line":41,"column":2},"end":{"line":47,"column":null}}}},"branchMap":{"0":{"loc":{"start":{"line":7,"column":48},"end":{"line":7,"column":69}},"type":"default-arg","locations":[{"start":{"line":7,"column":60},"end":{"line":7,"column":69}}]},"1":{"loc":{"start":{"line":18,"column":49},"end":{"line":18,"column":70}},"type":"default-arg","locations":[{"start":{"line":18,"column":61},"end":{"line":18,"column":70}}]},"2":{"loc":{"start":{"line":29,"column":49},"end":{"line":29,"column":70}},"type":"default-arg","locations":[{"start":{"line":29,"column":61},"end":{"line":29,"column":70}}]},"3":{"loc":{"start":{"line":40,"column":47},"end":{"line":40,"column":68}},"type":"default-arg","locations":[{"start":{"line":40,"column":59},"end":{"line":40,"column":68}}]}},"s":{"0":1,"1":0,"2":1,"3":1,"4":0,"5":1,"6":1,"7":0,"8":1,"9":1,"10":0,"11":1},"f":{"0":0,"1":0,"2":0,"3":0},"b":{"0":[0],"1":[0],"2":[0],"3":[0]}}
,"/Users/erichamilt0n/repos/lodge2a/l2a-mobile-app/src/components/layout/Grid.tsx": {"path":"/Users/erichamilt0n/repos/lodge2a/l2a-mobile-app/src/components/layout/Grid.tsx","statementMap":{"0":{"start":{"line":2,"column":0},"end":{"line":2,"column":23}},"1":{"start":{"line":12,"column":16},"end":{"line":18,"column":null}},"2":{"start":{"line":20,"column":18},"end":{"line":26,"column":null}},"3":{"start":{"line":28,"column":18},"end":{"line":34,"column":null}},"4":{"start":{"line":36,"column":15},"end":{"line":41,"column":null}},"5":{"start":{"line":43,"column":20},"end":{"line":67,"column":1}},"6":{"start":{"line":52,"column":2},"end":{"line":66,"column":null}},"7":{"start":{"line":43,"column":13},"end":{"line":43,"column":20}}},"fnMap":{"0":{"name":"(anonymous_1)","decl":{"start":{"line":43,"column":20},"end":{"line":43,"column":21}},"loc":{"start":{"line":51,"column":16},"end":{"line":67,"column":1}}}},"branchMap":{"0":{"loc":{"start":{"line":45,"column":2},"end":{"line":45,"column":10}},"type":"default-arg","locations":[{"start":{"line":45,"column":9},"end":{"line":45,"column":10}}]},"1":{"loc":{"start":{"line":48,"column":2},"end":{"line":48,"column":9}},"type":"default-arg","locations":[{"start":{"line":48,"column":8},"end":{"line":48,"column":9}}]},"2":{"loc":{"start":{"line":57,"column":8},"end":{"line":57,"column":35}},"type":"binary-expr","locations":[{"start":{"line":57,"column":8},"end":{"line":57,"column":14}},{"start":{"line":57,"column":18},"end":{"line":57,"column":35}}]},"3":{"loc":{"start":{"line":58,"column":8},"end":{"line":58,"column":35}},"type":"binary-expr","locations":[{"start":{"line":58,"column":8},"end":{"line":58,"column":14}},{"start":{"line":58,"column":18},"end":{"line":58,"column":35}}]}},"s":{"0":5,"1":5,"2":5,"3":5,"4":5,"5":5,"6":46,"7":5},"f":{"0":46},"b":{"0":[0],"1":[0],"2":[46,29],"3":[46,29]}}
,"/Users/erichamilt0n/repos/lodge2a/l2a-mobile-app/src/components/ui/Button.tsx": {"path":"/Users/erichamilt0n/repos/lodge2a/l2a-mobile-app/src/components/ui/Button.tsx","statementMap":{"0":{"start":{"line":3,"column":0},"end":{"line":3,"column":23}},"1":{"start":{"line":11,"column":22},"end":{"line":45,"column":1}},"2":{"start":{"line":19,"column":21},"end":{"line":19,"column":62}},"3":{"start":{"line":20,"column":24},"end":{"line":24,"column":null}},"4":{"start":{"line":26,"column":2},"end":{"line":44,"column":null}},"5":{"start":{"line":11,"column":13},"end":{"line":11,"column":22}}},"fnMap":{"0":{"name":"(anonymous_1)","decl":{"start":{"line":11,"column":22},"end":{"line":11,"column":23}},"loc":{"start":{"line":18,"column":18},"end":{"line":45,"column":1}}}},"branchMap":{"0":{"loc":{"start":{"line":13,"column":2},"end":{"line":13,"column":21}},"type":"default-arg","locations":[{"start":{"line":13,"column":12},"end":{"line":13,"column":21}}]},"1":{"loc":{"start":{"line":15,"column":2},"end":{"line":15,"column":19}},"type":"default-arg","locations":[{"start":{"line":15,"column":14},"end":{"line":15,"column":19}}]},"2":{"loc":{"start":{"line":40,"column":9},"end":{"line":40,"column":53}},"type":"binary-expr","locations":[{"start":{"line":40,"column":9},"end":{"line":40,"column":13}},{"start":{"line":40,"column":17},"end":{"line":40,"column":53}}]}},"s":{"0":7,"1":7,"2":337,"3":337,"4":337,"5":7},"f":{"0":337},"b":{"0":[2],"1":[161],"2":[337,44]}}
,"/Users/erichamilt0n/repos/lodge2a/l2a-mobile-app/src/components/ui/Card.tsx": {"path":"/Users/erichamilt0n/repos/lodge2a/l2a-mobile-app/src/components/ui/Card.tsx","statementMap":{"0":{"start":{"line":2,"column":0},"end":{"line":2,"column":23}},"1":{"start":{"line":10,"column":20},"end":{"line":32,"column":1}},"2":{"start":{"line":17,"column":2},"end":{"line":31,"column":null}},"3":{"start":{"line":10,"column":13},"end":{"line":10,"column":20}}},"fnMap":{"0":{"name":"(anonymous_1)","decl":{"start":{"line":10,"column":20},"end":{"line":10,"column":21}},"loc":{"start":{"line":16,"column":16},"end":{"line":32,"column":1}}}},"branchMap":{"0":{"loc":{"start":{"line":12,"column":2},"end":{"line":12,"column":15}},"type":"default-arg","locations":[{"start":{"line":12,"column":10},"end":{"line":12,"column":15}}]},"1":{"loc":{"start":{"line":13,"column":2},"end":{"line":13,"column":18}},"type":"default-arg","locations":[{"start":{"line":13,"column":13},"end":{"line":13,"column":18}}]}},"s":{"0":7,"1":7,"2":172,"3":7},"f":{"0":172},"b":{"0":[78],"1":[172]}}
,"/Users/erichamilt0n/repos/lodge2a/l2a-mobile-app/src/components/ui/StatCard.tsx": {"path":"/Users/erichamilt0n/repos/lodge2a/l2a-mobile-app/src/components/ui/StatCard.tsx","statementMap":{"0":{"start":{"line":2,"column":0},"end":{"line":2,"column":29}},"1":{"start":{"line":10,"column":24},"end":{"line":20,"column":1}},"2":{"start":{"line":11,"column":2},"end":{"line":19,"column":null}},"3":{"start":{"line":10,"column":13},"end":{"line":10,"column":24}}},"fnMap":{"0":{"name":"(anonymous_0)","decl":{"start":{"line":10,"column":24},"end":{"line":10,"column":25}},"loc":{"start":{"line":10,"column":96},"end":{"line":20,"column":1}}}},"branchMap":{"0":{"loc":{"start":{"line":15,"column":9},"end":{"line":15,"column":61}},"type":"binary-expr","locations":[{"start":{"line":15,"column":9},"end":{"line":15,"column":13}},{"start":{"line":15,"column":17},"end":{"line":15,"column":61}}]}},"s":{"0":5,"1":5,"2":94,"3":5},"f":{"0":94},"b":{"0":[94,92]}}
,"/Users/erichamilt0n/repos/lodge2a/l2a-mobile-app/src/pages/Dashboard.tsx": {"path":"/Users/erichamilt0n/repos/lodge2a/l2a-mobile-app/src/pages/Dashboard.tsx","statementMap":{"0":{"start":{"line":2,"column":0},"end":{"line":2,"column":46}},"1":{"start":{"line":3,"column":0},"end":{"line":3,"column":48}},"2":{"start":{"line":4,"column":0},"end":{"line":4,"column":44}},"3":{"start":{"line":5,"column":0},"end":{"line":5,"column":48}},"4":{"start":{"line":6,"column":0},"end":{"line":6,"column":52}},"5":{"start":{"line":9,"column":19},"end":{"line":9,"column":32}},"6":{"start":{"line":11,"column":2},"end":{"line":123,"column":null}},"7":{"start":{"line":23,"column":25},"end":{"line":23,"column":50}},"8":{"start":{"line":38,"column":25},"end":{"line":38,"column":44}},"9":{"start":{"line":53,"column":25},"end":{"line":53,"column":44}},"10":{"start":{"line":68,"column":25},"end":{"line":68,"column":46}},"11":{"start":{"line":91,"column":14},"end":{"line":91,"column":30}},"12":{"start":{"line":105,"column":55},"end":{"line":105,"column":74}},"13":{"start":{"line":111,"column":14},"end":{"line":111,"column":30}},"14":{"start":{"line":8,"column":0},"end":{"line":8,"column":24}}},"fnMap":{"0":{"name":"Dashboard","decl":{"start":{"line":8,"column":24},"end":{"line":8,"column":33}},"loc":{"start":{"line":8,"column":33},"end":{"line":124,"column":1}}},"1":{"name":"(anonymous_1)","decl":{"start":{"line":23,"column":19},"end":{"line":23,"column":22}},"loc":{"start":{"line":23,"column":25},"end":{"line":23,"column":50}}},"2":{"name":"(anonymous_2)","decl":{"start":{"line":38,"column":19},"end":{"line":38,"column":22}},"loc":{"start":{"line":38,"column":25},"end":{"line":38,"column":44}}},"3":{"name":"(anonymous_3)","decl":{"start":{"line":53,"column":19},"end":{"line":53,"column":22}},"loc":{"start":{"line":53,"column":25},"end":{"line":53,"column":44}}},"4":{"name":"(anonymous_4)","decl":{"start":{"line":68,"column":19},"end":{"line":68,"column":22}},"loc":{"start":{"line":68,"column":25},"end":{"line":68,"column":46}}},"5":{"name":"(anonymous_5)","decl":{"start":{"line":90,"column":27},"end":{"line":90,"column":31}},"loc":{"start":{"line":91,"column":14},"end":{"line":91,"column":30}}},"6":{"name":"(anonymous_6)","decl":{"start":{"line":105,"column":49},"end":{"line":105,"column":52}},"loc":{"start":{"line":105,"column":55},"end":{"line":105,"column":74}}},"7":{"name":"(anonymous_7)","decl":{"start":{"line":110,"column":27},"end":{"line":110,"column":31}},"loc":{"start":{"line":111,"column":14},"end":{"line":111,"column":30}}}},"branchMap":{},"s":{"0":2,"1":2,"2":2,"3":2,"4":2,"5":6,"6":6,"7":1,"8":1,"9":1,"10":1,"11":18,"12":1,"13":18,"14":2},"f":{"0":6,"1":1,"2":1,"3":1,"4":1,"5":18,"6":1,"7":18},"b":{}}
,"/Users/erichamilt0n/repos/lodge2a/l2a-mobile-app/src/pages/Events.tsx": {"path":"/Users/erichamilt0n/repos/lodge2a/l2a-mobile-app/src/pages/Events.tsx","statementMap":{"0":{"start":{"line":2,"column":0},"end":{"line":2,"column":48}},"1":{"start":{"line":3,"column":0},"end":{"line":3,"column":44}},"2":{"start":{"line":4,"column":0},"end":{"line":4,"column":48}},"3":{"start":{"line":17,"column":26},"end":{"line":45,"column":null}},"4":{"start":{"line":47,"column":2},"end":{"line":145,"column":null}},"5":{"start":{"line":75,"column":10},"end":{"line":75,"column":31}},"6":{"start":{"line":16,"column":0},"end":{"line":16,"column":24}}},"fnMap":{"0":{"name":"Events","decl":{"start":{"line":16,"column":24},"end":{"line":16,"column":30}},"loc":{"start":{"line":16,"column":30},"end":{"line":146,"column":1}}},"1":{"name":"(anonymous_1)","decl":{"start":{"line":74,"column":20},"end":{"line":74,"column":25}},"loc":{"start":{"line":75,"column":10},"end":{"line":75,"column":31}}}},"branchMap":{"0":{"loc":{"start":{"line":85,"column":18},"end":{"line":89,"column":null}},"type":"cond-expr","locations":[{"start":{"line":86,"column":22},"end":{"line":86,"column":49}},{"start":{"line":87,"column":22},"end":{"line":89,"column":null}}]},"1":{"loc":{"start":{"line":87,"column":22},"end":{"line":89,"column":null}},"type":"cond-expr","locations":[{"start":{"line":88,"column":24},"end":{"line":88,"column":49}},{"start":{"line":89,"column":24},"end":{"line":89,"column":null}}]},"2":{"loc":{"start":{"line":116,"column":15},"end":{"line":123,"column":null}},"type":"cond-expr","locations":[{"start":{"line":117,"column":16},"end":{"line":117,"column":null}},{"start":{"line":121,"column":16},"end":{"line":121,"column":null}}]}},"s":{"0":2,"1":2,"2":2,"3":6,"4":6,"5":18,"6":2},"f":{"0":6,"1":18},"b":{"0":[6,12],"1":[6,6],"2":[12,6]}}
,"/Users/erichamilt0n/repos/lodge2a/l2a-mobile-app/src/pages/Login.tsx": {"path":"/Users/erichamilt0n/repos/lodge2a/l2a-mobile-app/src/pages/Login.tsx","statementMap":{"0":{"start":{"line":1,"column":0},"end":{"line":1,"column":48}},"1":{"start":{"line":2,"column":0},"end":{"line":2,"column":46}},"2":{"start":{"line":5,"column":28},"end":{"line":5,"column":40}},"3":{"start":{"line":6,"column":34},"end":{"line":6,"column":46}},"4":{"start":{"line":7,"column":28},"end":{"line":7,"column":57}},"5":{"start":{"line":8,"column":19},"end":{"line":8,"column":32}},"6":{"start":{"line":10,"column":23},"end":{"line":20,"column":3}},"7":{"start":{"line":11,"column":4},"end":{"line":11,"column":null}},"8":{"start":{"line":12,"column":4},"end":{"line":12,"column":null}},"9":{"start":{"line":15,"column":4},"end":{"line":19,"column":5}},"10":{"start":{"line":16,"column":6},"end":{"line":16,"column":null}},"11":{"start":{"line":18,"column":6},"end":{"line":18,"column":null}},"12":{"start":{"line":22,"column":2},"end":{"line":115,"column":null}},"13":{"start":{"line":62,"column":18},"end":{"line":62,"column":null}},"14":{"start":{"line":78,"column":18},"end":{"line":78,"column":null}},"15":{"start":{"line":4,"column":0},"end":{"line":4,"column":24}}},"fnMap":{"0":{"name":"Login","decl":{"start":{"line":4,"column":24},"end":{"line":4,"column":29}},"loc":{"start":{"line":4,"column":29},"end":{"line":116,"column":1}}},"1":{"name":"(anonymous_1)","decl":{"start":{"line":10,"column":23},"end":{"line":10,"column":24}},"loc":{"start":{"line":10,"column":40},"end":{"line":20,"column":3}}},"2":{"name":"(anonymous_2)","decl":{"start":{"line":61,"column":26},"end":{"line":61,"column":27}},"loc":{"start":{"line":61,"column":30},"end":{"line":63,"column":17}}},"3":{"name":"(anonymous_3)","decl":{"start":{"line":77,"column":26},"end":{"line":77,"column":27}},"loc":{"start":{"line":77,"column":30},"end":{"line":79,"column":17}}}},"branchMap":{"0":{"loc":{"start":{"line":15,"column":4},"end":{"line":19,"column":5}},"type":"if","locations":[{"start":{"line":15,"column":4},"end":{"line":19,"column":5}},{"start":{"line":17,"column":11},"end":{"line":19,"column":5}}]},"1":{"loc":{"start":{"line":15,"column":8},"end":{"line":15,"column":63}},"type":"binary-expr","locations":[{"start":{"line":15,"column":8},"end":{"line":15,"column":36}},{"start":{"line":15,"column":40},"end":{"line":15,"column":63}}]},"2":{"loc":{"start":{"line":43,"column":9},"end":{"line":46,"column":null}},"type":"binary-expr","locations":[{"start":{"line":43,"column":9},"end":{"line":43,"column":23}},{"start":{"line":44,"column":10},"end":{"line":45,"column":null}}]}},"s":{"0":2,"1":2,"2":14,"3":14,"4":14,"5":14,"6":14,"7":2,"8":2,"9":2,"10":1,"11":1,"12":14,"13":3,"14":3,"15":2},"f":{"0":14,"1":2,"2":3,"3":3},"b":{"0":[1,1],"1":[2,1],"2":[14,1]}}
,"/Users/erichamilt0n/repos/lodge2a/l2a-mobile-app/src/pages/Notifications.tsx": {"path":"/Users/erichamilt0n/repos/lodge2a/l2a-mobile-app/src/pages/Notifications.tsx","statementMap":{"0":{"start":{"line":1,"column":0},"end":{"line":1,"column":39}},"1":{"start":{"line":2,"column":0},"end":{"line":2,"column":57}},"2":{"start":{"line":12,"column":44},"end":{"line":37,"column":4}},"3":{"start":{"line":39,"column":29},"end":{"line":45,"column":3}},"4":{"start":{"line":40,"column":4},"end":{"line":44,"column":null}},"5":{"start":{"line":42,"column":8},"end":{"line":42,"column":99}},"6":{"start":{"line":47,"column":2},"end":{"line":79,"column":null}},"7":{"start":{"line":55,"column":12},"end":{"line":55,"column":39}},"8":{"start":{"line":62,"column":18},"end":{"line":62,"column":null}},"9":{"start":{"line":11,"column":0},"end":{"line":11,"column":24}}},"fnMap":{"0":{"name":"Notifications","decl":{"start":{"line":11,"column":24},"end":{"line":11,"column":37}},"loc":{"start":{"line":11,"column":37},"end":{"line":80,"column":1}}},"1":{"name":"(anonymous_2)","decl":{"start":{"line":39,"column":29},"end":{"line":39,"column":30}},"loc":{"start":{"line":39,"column":44},"end":{"line":45,"column":3}}},"2":{"name":"(anonymous_3)","decl":{"start":{"line":41,"column":24},"end":{"line":41,"column":36}},"loc":{"start":{"line":42,"column":8},"end":{"line":42,"column":99}}},"3":{"name":"(anonymous_4)","decl":{"start":{"line":54,"column":29},"end":{"line":54,"column":41}},"loc":{"start":{"line":55,"column":12},"end":{"line":55,"column":39}}},"4":{"name":"(anonymous_5)","decl":{"start":{"line":61,"column":25},"end":{"line":61,"column":28}},"loc":{"start":{"line":61,"column":30},"end":{"line":63,"column":17}}}},"branchMap":{"0":{"loc":{"start":{"line":42,"column":8},"end":{"line":42,"column":99}},"type":"cond-expr","locations":[{"start":{"line":42,"column":33},"end":{"line":42,"column":84}},{"start":{"line":42,"column":87},"end":{"line":42,"column":99}}]},"1":{"loc":{"start":{"line":65,"column":18},"end":{"line":65,"column":null}},"type":"cond-expr","locations":[{"start":{"line":65,"column":41},"end":{"line":65,"column":55}},{"start":{"line":65,"column":58},"end":{"line":65,"column":null}}]},"2":{"loc":{"start":{"line":70,"column":20},"end":{"line":70,"column":null}},"type":"cond-expr","locations":[{"start":{"line":70,"column":43},"end":{"line":70,"column":58}},{"start":{"line":70,"column":61},"end":{"line":70,"column":null}}]}},"s":{"0":2,"1":2,"2":11,"3":11,"4":6,"5":24,"6":11,"7":44,"8":6,"9":2},"f":{"0":11,"1":6,"2":24,"3":44,"4":6},"b":{"0":[6,18],"1":[28,16],"2":[28,16]}}
,"/Users/erichamilt0n/repos/lodge2a/l2a-mobile-app/src/pages/Preferences.tsx": {"path":"/Users/erichamilt0n/repos/lodge2a/l2a-mobile-app/src/pages/Preferences.tsx","statementMap":{"0":{"start":{"line":1,"column":0},"end":{"line":1,"column":39}},"1":{"start":{"line":2,"column":0},"end":{"line":2,"column":57}},"2":{"start":{"line":12,"column":40},"end":{"line":31,"column":4}},"3":{"start":{"line":33,"column":27},"end":{"line":39,"column":3}},"4":{"start":{"line":34,"column":4},"end":{"line":38,"column":null}},"5":{"start":{"line":36,"column":8},"end":{"line":36,"column":91}},"6":{"start":{"line":41,"column":2},"end":{"line":70,"column":null}},"7":{"start":{"line":46,"column":12},"end":{"line":46,"column":37}},"8":{"start":{"line":53,"column":18},"end":{"line":53,"column":null}},"9":{"start":{"line":11,"column":0},"end":{"line":11,"column":24}}},"fnMap":{"0":{"name":"Preferences","decl":{"start":{"line":11,"column":24},"end":{"line":11,"column":35}},"loc":{"start":{"line":11,"column":35},"end":{"line":71,"column":1}}},"1":{"name":"(anonymous_2)","decl":{"start":{"line":33,"column":27},"end":{"line":33,"column":28}},"loc":{"start":{"line":33,"column":42},"end":{"line":39,"column":3}}},"2":{"name":"(anonymous_3)","decl":{"start":{"line":35,"column":22},"end":{"line":35,"column":32}},"loc":{"start":{"line":36,"column":8},"end":{"line":36,"column":91}}},"3":{"name":"(anonymous_4)","decl":{"start":{"line":45,"column":27},"end":{"line":45,"column":37}},"loc":{"start":{"line":46,"column":12},"end":{"line":46,"column":37}}},"4":{"name":"(anonymous_5)","decl":{"start":{"line":52,"column":25},"end":{"line":52,"column":28}},"loc":{"start":{"line":52,"column":30},"end":{"line":54,"column":17}}}},"branchMap":{"0":{"loc":{"start":{"line":36,"column":8},"end":{"line":36,"column":91}},"type":"cond-expr","locations":[{"start":{"line":36,"column":31},"end":{"line":36,"column":78}},{"start":{"line":36,"column":81},"end":{"line":36,"column":91}}]},"1":{"loc":{"start":{"line":56,"column":18},"end":{"line":56,"column":null}},"type":"cond-expr","locations":[{"start":{"line":56,"column":39},"end":{"line":56,"column":53}},{"start":{"line":56,"column":56},"end":{"line":56,"column":null}}]},"2":{"loc":{"start":{"line":61,"column":20},"end":{"line":61,"column":null}},"type":"cond-expr","locations":[{"start":{"line":61,"column":41},"end":{"line":61,"column":56}},{"start":{"line":61,"column":59},"end":{"line":61,"column":null}}]}},"s":{"0":2,"1":2,"2":12,"3":12,"4":6,"5":18,"6":12,"7":36,"8":6,"9":2},"f":{"0":12,"1":6,"2":18,"3":36,"4":6},"b":{"0":[6,12],"1":[22,14],"2":[22,14]}}
,"/Users/erichamilt0n/repos/lodge2a/l2a-mobile-app/src/pages/ProShop.tsx": {"path":"/Users/erichamilt0n/repos/lodge2a/l2a-mobile-app/src/pages/ProShop.tsx","statementMap":{"0":{"start":{"line":12,"column":30},"end":{"line":48,"column":null}},"1":{"start":{"line":50,"column":2},"end":{"line":130,"column":null}},"2":{"start":{"line":76,"column":10},"end":{"line":76,"column":32}},"3":{"start":{"line":11,"column":0},"end":{"line":11,"column":24}}},"fnMap":{"0":{"name":"ProShop","decl":{"start":{"line":11,"column":24},"end":{"line":11,"column":31}},"loc":{"start":{"line":11,"column":31},"end":{"line":131,"column":1}}},"1":{"name":"(anonymous_1)","decl":{"start":{"line":75,"column":22},"end":{"line":75,"column":29}},"loc":{"start":{"line":76,"column":10},"end":{"line":76,"column":32}}}},"branchMap":{},"s":{"0":6,"1":6,"2":30,"3":2},"f":{"0":6,"1":30},"b":{}}
,"/Users/erichamilt0n/repos/lodge2a/l2a-mobile-app/src/pages/Profile.tsx": {"path":"/Users/erichamilt0n/repos/lodge2a/l2a-mobile-app/src/pages/Profile.tsx","statementMap":{"0":{"start":{"line":2,"column":0},"end":{"line":2,"column":48}},"1":{"start":{"line":3,"column":0},"end":{"line":3,"column":44}},"2":{"start":{"line":4,"column":0},"end":{"line":4,"column":48}},"3":{"start":{"line":5,"column":0},"end":{"line":5,"column":52}},"4":{"start":{"line":16,"column":43},"end":{"line":45,"column":null}},"5":{"start":{"line":47,"column":25},"end":{"line":56,"column":3}},"6":{"start":{"line":48,"column":4},"end":{"line":55,"column":5}},"7":{"start":{"line":50,"column":8},"end":{"line":50,"column":null}},"8":{"start":{"line":52,"column":8},"end":{"line":52,"column":null}},"9":{"start":{"line":54,"column":8},"end":{"line":54,"column":null}},"10":{"start":{"line":58,"column":2},"end":{"line":174,"column":null}},"11":{"start":{"line":148,"column":14},"end":{"line":149,"column":null}},"12":{"start":{"line":15,"column":0},"end":{"line":15,"column":24}}},"fnMap":{"0":{"name":"Profile","decl":{"start":{"line":15,"column":24},"end":{"line":15,"column":31}},"loc":{"start":{"line":15,"column":31},"end":{"line":175,"column":1}}},"1":{"name":"(anonymous_1)","decl":{"start":{"line":47,"column":25},"end":{"line":47,"column":26}},"loc":{"start":{"line":47,"column":62},"end":{"line":56,"column":3}}},"2":{"name":"(anonymous_2)","decl":{"start":{"line":147,"column":32},"end":{"line":147,"column":39}},"loc":{"start":{"line":148,"column":14},"end":{"line":149,"column":null}}}},"branchMap":{"0":{"loc":{"start":{"line":48,"column":4},"end":{"line":55,"column":5}},"type":"switch","locations":[{"start":{"line":49,"column":6},"end":{"line":50,"column":null}},{"start":{"line":51,"column":6},"end":{"line":52,"column":null}},{"start":{"line":53,"column":6},"end":{"line":54,"column":null}}]}},"s":{"0":2,"1":2,"2":2,"3":2,"4":5,"5":5,"6":20,"7":20,"8":0,"9":0,"10":5,"11":20,"12":2},"f":{"0":5,"1":20,"2":20},"b":{"0":[20,0,0]}}
,"/Users/erichamilt0n/repos/lodge2a/l2a-mobile-app/src/pages/Reservations.tsx": {"path":"/Users/erichamilt0n/repos/lodge2a/l2a-mobile-app/src/pages/Reservations.tsx","statementMap":{"0":{"start":{"line":2,"column":0},"end":{"line":2,"column":48}},"1":{"start":{"line":3,"column":0},"end":{"line":3,"column":56}},"2":{"start":{"line":12,"column":32},"end":{"line":19,"column":null}},"3":{"start":{"line":21,"column":2},"end":{"line":118,"column":null}},"4":{"start":{"line":43,"column":25},"end":{"line":43,"column":35}},"5":{"start":{"line":44,"column":12},"end":{"line":44,"column":null}},"6":{"start":{"line":45,"column":12},"end":{"line":54,"column":null}},"7":{"start":{"line":64,"column":12},"end":{"line":65,"column":null}},"8":{"start":{"line":11,"column":0},"end":{"line":11,"column":24}}},"fnMap":{"0":{"name":"Reservations","decl":{"start":{"line":11,"column":24},"end":{"line":11,"column":36}},"loc":{"start":{"line":11,"column":36},"end":{"line":119,"column":1}}},"1":{"name":"(anonymous_1)","decl":{"start":{"line":42,"column":41},"end":{"line":42,"column":42}},"loc":{"start":{"line":42,"column":54},"end":{"line":55,"column":11}}},"2":{"name":"(anonymous_2)","decl":{"start":{"line":63,"column":25},"end":{"line":63,"column":29}},"loc":{"start":{"line":64,"column":12},"end":{"line":65,"column":null}}}},"branchMap":{"0":{"loc":{"start":{"line":46,"column":43},"end":{"line":46,"column":80}},"type":"cond-expr","locations":[{"start":{"line":46,"column":57},"end":{"line":46,"column":66}},{"start":{"line":46,"column":69},"end":{"line":46,"column":80}}]},"1":{"loc":{"start":{"line":66,"column":23},"end":{"line":66,"column":63}},"type":"cond-expr","locations":[{"start":{"line":66,"column":40},"end":{"line":66,"column":49}},{"start":{"line":66,"column":52},"end":{"line":66,"column":63}}]}},"s":{"0":2,"1":2,"2":11,"3":11,"4":77,"5":77,"6":77,"7":66,"8":2},"f":{"0":11,"1":77,"2":66},"b":{"0":[11,66],"1":[44,22]}}
,"/Users/erichamilt0n/repos/lodge2a/l2a-mobile-app/src/pages/Settings.tsx": {"path":"/Users/erichamilt0n/repos/lodge2a/l2a-mobile-app/src/pages/Settings.tsx","statementMap":{"0":{"start":{"line":12,"column":43},"end":{"line":41,"column":null}},"1":{"start":{"line":43,"column":25},"end":{"line":54,"column":3}},"2":{"start":{"line":44,"column":4},"end":{"line":53,"column":5}},"3":{"start":{"line":46,"column":8},"end":{"line":46,"column":null}},"4":{"start":{"line":48,"column":8},"end":{"line":48,"column":null}},"5":{"start":{"line":50,"column":8},"end":{"line":50,"column":null}},"6":{"start":{"line":52,"column":8},"end":{"line":52,"column":null}},"7":{"start":{"line":56,"column":2},"end":{"line":268,"column":null}},"8":{"start":{"line":148,"column":16},"end":{"line":149,"column":null}},"9":{"start":{"line":11,"column":0},"end":{"line":11,"column":24}}},"fnMap":{"0":{"name":"Settings","decl":{"start":{"line":11,"column":24},"end":{"line":11,"column":32}},"loc":{"start":{"line":11,"column":32},"end":{"line":269,"column":1}}},"1":{"name":"(anonymous_1)","decl":{"start":{"line":43,"column":25},"end":{"line":43,"column":26}},"loc":{"start":{"line":43,"column":62},"end":{"line":54,"column":3}}},"2":{"name":"(anonymous_2)","decl":{"start":{"line":147,"column":34},"end":{"line":147,"column":41}},"loc":{"start":{"line":148,"column":16},"end":{"line":149,"column":null}}}},"branchMap":{"0":{"loc":{"start":{"line":44,"column":4},"end":{"line":53,"column":5}},"type":"switch","locations":[{"start":{"line":45,"column":6},"end":{"line":46,"column":null}},{"start":{"line":47,"column":6},"end":{"line":48,"column":null}},{"start":{"line":49,"column":6},"end":{"line":50,"column":null}},{"start":{"line":51,"column":6},"end":{"line":52,"column":null}}]}},"s":{"0":11,"1":11,"2":44,"3":44,"4":0,"5":0,"6":0,"7":11,"8":44,"9":2},"f":{"0":11,"1":44,"2":44},"b":{"0":[44,0,0,0]}}
,"/Users/erichamilt0n/repos/lodge2a/l2a-mobile-app/src/pages/Stats.tsx": {"path":"/Users/erichamilt0n/repos/lodge2a/l2a-mobile-app/src/pages/Stats.tsx","statementMap":{"0":{"start":{"line":1,"column":0},"end":{"line":1,"column":39}},"1":{"start":{"line":2,"column":0},"end":{"line":2,"column":48}},"2":{"start":{"line":3,"column":0},"end":{"line":3,"column":44}},"3":{"start":{"line":4,"column":0},"end":{"line":4,"column":48}},"4":{"start":{"line":5,"column":0},"end":{"line":5,"column":52}},"5":{"start":{"line":8,"column":46},"end":{"line":8,"column":60}},"6":{"start":{"line":9,"column":62},"end":{"line":9,"column":77}},"7":{"start":{"line":10,"column":56},"end":{"line":10,"column":70}},"8":{"start":{"line":11,"column":54},"end":{"line":11,"column":69}},"9":{"start":{"line":13,"column":16},"end":{"line":18,"column":null}},"10":{"start":{"line":20,"column":23},"end":{"line":25,"column":null}},"11":{"start":{"line":27,"column":23},"end":{"line":31,"column":null}},"12":{"start":{"line":33,"column":29},"end":{"line":35,"column":3}},"13":{"start":{"line":34,"column":4},"end":{"line":34,"column":null}},"14":{"start":{"line":37,"column":33},"end":{"line":40,"column":3}},"15":{"start":{"line":38,"column":4},"end":{"line":38,"column":null}},"16":{"start":{"line":39,"column":4},"end":{"line":39,"column":null}},"17":{"start":{"line":42,"column":2},"end":{"line":219,"column":null}},"18":{"start":{"line":121,"column":14},"end":{"line":122,"column":null}},"19":{"start":{"line":168,"column":29},"end":{"line":168,"column":71}},"20":{"start":{"line":175,"column":18},"end":{"line":176,"column":null}},"21":{"start":{"line":178,"column":35},"end":{"line":178,"column":61}},"22":{"start":{"line":200,"column":12},"end":{"line":201,"column":null}},"23":{"start":{"line":204,"column":29},"end":{"line":204,"column":64}},"24":{"start":{"line":7,"column":0},"end":{"line":7,"column":24}}},"fnMap":{"0":{"name":"Stats","decl":{"start":{"line":7,"column":24},"end":{"line":7,"column":29}},"loc":{"start":{"line":7,"column":29},"end":{"line":220,"column":1}}},"1":{"name":"(anonymous_1)","decl":{"start":{"line":33,"column":29},"end":{"line":33,"column":30}},"loc":{"start":{"line":33,"column":48},"end":{"line":35,"column":3}}},"2":{"name":"(anonymous_2)","decl":{"start":{"line":37,"column":33},"end":{"line":37,"column":34}},"loc":{"start":{"line":37,"column":54},"end":{"line":40,"column":3}}},"3":{"name":"(anonymous_3)","decl":{"start":{"line":120,"column":30},"end":{"line":120,"column":31}},"loc":{"start":{"line":121,"column":14},"end":{"line":122,"column":null}}},"4":{"name":"(anonymous_4)","decl":{"start":{"line":168,"column":23},"end":{"line":168,"column":26}},"loc":{"start":{"line":168,"column":29},"end":{"line":168,"column":71}}},"5":{"name":"(anonymous_5)","decl":{"start":{"line":174,"column":46},"end":{"line":174,"column":47}},"loc":{"start":{"line":175,"column":18},"end":{"line":176,"column":null}}},"6":{"name":"(anonymous_6)","decl":{"start":{"line":178,"column":29},"end":{"line":178,"column":32}},"loc":{"start":{"line":178,"column":35},"end":{"line":178,"column":61}}},"7":{"name":"(anonymous_7)","decl":{"start":{"line":199,"column":28},"end":{"line":199,"column":29}},"loc":{"start":{"line":200,"column":12},"end":{"line":201,"column":null}}},"8":{"name":"(anonymous_8)","decl":{"start":{"line":204,"column":23},"end":{"line":204,"column":26}},"loc":{"start":{"line":204,"column":29},"end":{"line":204,"column":64}}}},"branchMap":{"0":{"loc":{"start":{"line":172,"column":13},"end":{"line":183,"column":null}},"type":"binary-expr","locations":[{"start":{"line":172,"column":13},"end":{"line":172,"column":31}},{"start":{"line":173,"column":14},"end":{"line":182,"column":null}}]},"1":{"loc":{"start":{"line":180,"column":21},"end":{"line":180,"column":74}},"type":"cond-expr","locations":[{"start":{"line":180,"column":40},"end":{"line":180,"column":50}},{"start":{"line":180,"column":53},"end":{"line":180,"column":74}}]},"2":{"loc":{"start":{"line":213,"column":7},"end":{"line":216,"column":null}},"type":"binary-expr","locations":[{"start":{"line":213,"column":7},"end":{"line":213,"column":29}},{"start":{"line":214,"column":8},"end":{"line":214,"column":null}}]}},"s":{"0":2,"1":2,"2":2,"3":2,"4":2,"5":12,"6":12,"7":12,"8":12,"9":12,"10":12,"11":12,"12":12,"13":1,"14":12,"15":1,"16":1,"17":12,"18":48,"19":2,"20":12,"21":1,"22":36,"23":1,"24":2},"f":{"0":12,"1":1,"2":1,"3":48,"4":2,"5":12,"6":1,"7":36,"8":1},"b":{"0":[12,3],"1":[3,9],"2":[12,1]}}
}
