TN:
SF:src/App.tsx
FN:15,AppContent
FN:20,(anonymous_8)
FN:30,(anonymous_9)
FN:60,App
FNF:4
FNH:2
FNDA:1,AppContent
FNDA:0,(anonymous_8)
FNDA:0,(anonymous_9)
FNDA:1,App
DA:1,1
DA:2,1
DA:3,1
DA:4,1
DA:5,1
DA:6,1
DA:7,1
DA:8,1
DA:9,1
DA:10,1
DA:11,1
DA:12,1
DA:13,1
DA:16,1
DA:17,1
DA:18,1
DA:20,1
DA:21,0
DA:24,1
DA:31,0
DA:61,1
DA:73,1
LF:22
LH:20
BRDA:26,0,0,1
BRDA:26,0,1,0
BRDA:51,1,0,1
BRDA:51,1,1,1
BRF:4
BRH:3
end_of_record
TN:
SF:src/components/Calendar.tsx
FN:10,Calendar
FN:37,(anonymous_1)
FN:84,(anonymous_2)
FN:93,(anonymous_3)
FN:102,(anonymous_4)
FN:132,(anonymous_5)
FN:138,(anonymous_6)
FN:146,(anonymous_7)
FN:152,(anonymous_8)
FN:152,(anonymous_9)
FN:171,(anonymous_10)
FN:179,(anonymous_11)
FN:182,(anonymous_12)
FNF:13
FNH:13
FNDA:14,Calendar
FNDA:14,(anonymous_1)
FNDA:2,(anonymous_2)
FNDA:2,(anonymous_3)
FNDA:1,(anonymous_4)
FNDA:1,(anonymous_5)
FNDA:168,(anonymous_6)
FNDA:1,(anonymous_7)
FNDA:140,(anonymous_8)
FNDA:140,(anonymous_9)
FNDA:98,(anonymous_10)
FNDA:588,(anonymous_11)
FNDA:1,(anonymous_12)
DA:1,1
DA:10,1
DA:16,14
DA:17,14
DA:19,14
DA:34,14
DA:35,14
DA:37,14
DA:38,14
DA:39,14
DA:42,14
DA:43,19
DA:51,14
DA:52,14
DA:53,432
DA:54,432
DA:56,432
DA:72,14
DA:73,14
DA:74,137
DA:81,14
DA:84,14
DA:85,2
DA:86,1
DA:87,1
DA:89,1
DA:93,14
DA:94,2
DA:95,1
DA:96,1
DA:98,1
DA:102,14
DA:103,1
DA:105,1
DA:106,1
DA:107,1
DA:109,1
DA:112,14
DA:133,1
DA:139,168
DA:147,1
DA:152,140
DA:153,140
DA:172,98
DA:180,588
DA:183,1
LF:46
LH:46
BRDA:12,0,0,9
BRDA:54,1,0,432
BRDA:54,1,1,31
BRDA:54,1,2,428
BRDA:54,1,3,27
BRDA:60,2,0,432
BRDA:60,2,1,14
BRDA:60,2,2,10
BRDA:64,3,0,432
BRDA:64,3,1,14
BRDA:64,3,2,11
BRDA:85,4,0,1
BRDA:85,4,1,1
BRDA:94,5,0,1
BRDA:94,5,1,1
BRDA:103,6,0,0
BRDA:106,7,0,0
BRDA:106,8,0,1
BRDA:106,8,1,0
BRDA:107,9,0,0
BRDA:107,10,0,1
BRDA:107,10,1,0
BRDA:185,11,0,588
BRDA:185,11,1,578
BRDA:189,12,0,432
BRDA:189,12,1,156
BRDA:190,13,0,8
BRDA:190,13,1,424
BRDA:192,14,0,3
BRDA:192,14,1,421
BRDA:197,15,0,166
BRDA:197,15,1,422
BRDA:197,16,0,588
BRDA:197,16,1,578
BRF:34
BRH:29
end_of_record
TN:
SF:src/components/Navigation.tsx
FN:8,Navigation
FN:12,(anonymous_1)
FN:14,(anonymous_2)
FN:18,(anonymous_3)
FN:145,(anonymous_4)
FN:205,MobileMenuButton
FNF:6
FNH:5
FNDA:6,Navigation
FNDA:0,(anonymous_1)
FNDA:1,(anonymous_2)
FNDA:1,(anonymous_3)
FNDA:36,(anonymous_4)
FNDA:1,MobileMenuButton
DA:1,2
DA:8,2
DA:9,6
DA:10,6
DA:12,6
DA:14,6
DA:15,1
DA:18,6
DA:19,1
DA:22,6
DA:115,6
DA:146,36
DA:205,2
DA:206,1
LF:14
LH:14
BRDA:118,0,0,6
BRDA:118,0,1,6
BRDA:131,1,0,6
BRDA:131,1,1,0
BRDA:139,2,0,6
BRDA:139,2,1,0
BRDA:152,3,0,3
BRDA:152,3,1,33
BRF:8
BRH:6
end_of_record
TN:
SF:src/components/SettingsLayout.tsx
FN:10,SettingsLayout
FNF:1
FNH:1
FNDA:4,SettingsLayout
DA:2,2
DA:10,2
DA:11,4
DA:13,4
LF:4
LH:4
BRDA:25,0,0,0
BRDA:25,0,1,4
BRDA:49,1,0,0
BRDA:49,1,1,4
BRDA:73,2,0,0
BRDA:73,2,1,4
BRDA:97,3,0,0
BRDA:97,3,1,4
BRF:8
BRH:4
end_of_record
TN:
SF:src/components/icons/index.tsx
FN:7,(anonymous_0)
FN:18,(anonymous_1)
FN:29,(anonymous_2)
FN:40,(anonymous_3)
FNF:4
FNH:0
FNDA:0,(anonymous_0)
FNDA:0,(anonymous_1)
FNDA:0,(anonymous_2)
FNDA:0,(anonymous_3)
DA:7,1
DA:8,0
DA:18,1
DA:19,0
DA:29,1
DA:30,0
DA:40,1
DA:41,0
LF:8
LH:4
BRDA:7,0,0,0
BRDA:18,1,0,0
BRDA:29,2,0,0
BRDA:40,3,0,0
BRF:4
BRH:0
end_of_record
TN:
SF:src/components/layout/Grid.tsx
FN:43,(anonymous_1)
FNF:1
FNH:1
FNDA:46,(anonymous_1)
DA:2,5
DA:12,5
DA:20,5
DA:28,5
DA:36,5
DA:43,5
DA:52,46
LF:7
LH:7
BRDA:45,0,0,0
BRDA:48,1,0,0
BRDA:57,2,0,46
BRDA:57,2,1,29
BRDA:58,3,0,46
BRDA:58,3,1,29
BRF:6
BRH:4
end_of_record
TN:
SF:src/components/ui/Button.tsx
FN:11,(anonymous_1)
FNF:1
FNH:1
FNDA:337,(anonymous_1)
DA:3,7
DA:11,7
DA:19,337
DA:20,337
DA:26,337
LF:5
LH:5
BRDA:13,0,0,2
BRDA:15,1,0,161
BRDA:40,2,0,337
BRDA:40,2,1,44
BRF:4
BRH:4
end_of_record
TN:
SF:src/components/ui/Card.tsx
FN:10,(anonymous_1)
FNF:1
FNH:1
FNDA:172,(anonymous_1)
DA:2,7
DA:10,7
DA:17,172
LF:3
LH:3
BRDA:12,0,0,78
BRDA:13,1,0,172
BRF:2
BRH:2
end_of_record
TN:
SF:src/components/ui/StatCard.tsx
FN:10,(anonymous_0)
FNF:1
FNH:1
FNDA:94,(anonymous_0)
DA:2,5
DA:10,5
DA:11,94
LF:3
LH:3
BRDA:15,0,0,94
BRDA:15,0,1,92
BRF:2
BRH:2
end_of_record
TN:
SF:src/pages/Dashboard.tsx
FN:8,Dashboard
FN:23,(anonymous_1)
FN:38,(anonymous_2)
FN:53,(anonymous_3)
FN:68,(anonymous_4)
FN:90,(anonymous_5)
FN:105,(anonymous_6)
FN:110,(anonymous_7)
FNF:8
FNH:8
FNDA:6,Dashboard
FNDA:1,(anonymous_1)
FNDA:1,(anonymous_2)
FNDA:1,(anonymous_3)
FNDA:1,(anonymous_4)
FNDA:18,(anonymous_5)
FNDA:1,(anonymous_6)
FNDA:18,(anonymous_7)
DA:2,2
DA:3,2
DA:4,2
DA:5,2
DA:6,2
DA:8,2
DA:9,6
DA:11,6
DA:23,1
DA:38,1
DA:53,1
DA:68,1
DA:91,18
DA:105,1
DA:111,18
LF:15
LH:15
BRF:0
BRH:0
end_of_record
TN:
SF:src/pages/Events.tsx
FN:16,Events
FN:74,(anonymous_1)
FNF:2
FNH:2
FNDA:6,Events
FNDA:18,(anonymous_1)
DA:2,2
DA:3,2
DA:4,2
DA:16,2
DA:17,6
DA:47,6
DA:75,18
LF:7
LH:7
BRDA:85,0,0,6
BRDA:85,0,1,12
BRDA:87,1,0,6
BRDA:87,1,1,6
BRDA:116,2,0,12
BRDA:116,2,1,6
BRF:6
BRH:6
end_of_record
TN:
SF:src/pages/Login.tsx
FN:4,Login
FN:10,(anonymous_1)
FN:61,(anonymous_2)
FN:77,(anonymous_3)
FNF:4
FNH:4
FNDA:14,Login
FNDA:2,(anonymous_1)
FNDA:3,(anonymous_2)
FNDA:3,(anonymous_3)
DA:1,2
DA:2,2
DA:4,2
DA:5,14
DA:6,14
DA:7,14
DA:8,14
DA:10,14
DA:11,2
DA:12,2
DA:15,2
DA:16,1
DA:18,1
DA:22,14
DA:62,3
DA:78,3
LF:16
LH:16
BRDA:15,0,0,1
BRDA:15,0,1,1
BRDA:15,1,0,2
BRDA:15,1,1,1
BRDA:43,2,0,14
BRDA:43,2,1,1
BRF:6
BRH:6
end_of_record
TN:
SF:src/pages/Notifications.tsx
FN:11,Notifications
FN:39,(anonymous_2)
FN:41,(anonymous_3)
FN:54,(anonymous_4)
FN:61,(anonymous_5)
FNF:5
FNH:5
FNDA:11,Notifications
FNDA:6,(anonymous_2)
FNDA:24,(anonymous_3)
FNDA:44,(anonymous_4)
FNDA:6,(anonymous_5)
DA:1,2
DA:2,2
DA:11,2
DA:12,11
DA:39,11
DA:40,6
DA:42,24
DA:47,11
DA:55,44
DA:62,6
LF:10
LH:10
BRDA:42,0,0,6
BRDA:42,0,1,18
BRDA:65,1,0,28
BRDA:65,1,1,16
BRDA:70,2,0,28
BRDA:70,2,1,16
BRF:6
BRH:6
end_of_record
TN:
SF:src/pages/Preferences.tsx
FN:11,Preferences
FN:33,(anonymous_2)
FN:35,(anonymous_3)
FN:45,(anonymous_4)
FN:52,(anonymous_5)
FNF:5
FNH:5
FNDA:12,Preferences
FNDA:6,(anonymous_2)
FNDA:18,(anonymous_3)
FNDA:36,(anonymous_4)
FNDA:6,(anonymous_5)
DA:1,2
DA:2,2
DA:11,2
DA:12,12
DA:33,12
DA:34,6
DA:36,18
DA:41,12
DA:46,36
DA:53,6
LF:10
LH:10
BRDA:36,0,0,6
BRDA:36,0,1,12
BRDA:56,1,0,22
BRDA:56,1,1,14
BRDA:61,2,0,22
BRDA:61,2,1,14
BRF:6
BRH:6
end_of_record
TN:
SF:src/pages/ProShop.tsx
FN:11,ProShop
FN:75,(anonymous_1)
FNF:2
FNH:2
FNDA:6,ProShop
FNDA:30,(anonymous_1)
DA:11,2
DA:12,6
DA:50,6
DA:76,30
LF:4
LH:4
BRF:0
BRH:0
end_of_record
TN:
SF:src/pages/Profile.tsx
FN:15,Profile
FN:47,(anonymous_1)
FN:147,(anonymous_2)
FNF:3
FNH:3
FNDA:5,Profile
FNDA:20,(anonymous_1)
FNDA:20,(anonymous_2)
DA:2,2
DA:3,2
DA:4,2
DA:5,2
DA:15,2
DA:16,5
DA:47,5
DA:48,20
DA:50,20
DA:52,0
DA:54,0
DA:58,5
DA:148,20
LF:13
LH:11
BRDA:48,0,0,20
BRDA:48,0,1,0
BRDA:48,0,2,0
BRF:3
BRH:1
end_of_record
TN:
SF:src/pages/Reservations.tsx
FN:11,Reservations
FN:42,(anonymous_1)
FN:63,(anonymous_2)
FNF:3
FNH:3
FNDA:11,Reservations
FNDA:77,(anonymous_1)
FNDA:66,(anonymous_2)
DA:2,2
DA:3,2
DA:11,2
DA:12,11
DA:21,11
DA:43,77
DA:44,77
DA:45,77
DA:64,66
LF:9
LH:9
BRDA:46,0,0,11
BRDA:46,0,1,66
BRDA:66,1,0,44
BRDA:66,1,1,22
BRF:4
BRH:4
end_of_record
TN:
SF:src/pages/Settings.tsx
FN:11,Settings
FN:43,(anonymous_1)
FN:147,(anonymous_2)
FNF:3
FNH:3
FNDA:11,Settings
FNDA:44,(anonymous_1)
FNDA:44,(anonymous_2)
DA:11,2
DA:12,11
DA:43,11
DA:44,44
DA:46,44
DA:48,0
DA:50,0
DA:52,0
DA:56,11
DA:148,44
LF:10
LH:7
BRDA:44,0,0,44
BRDA:44,0,1,0
BRDA:44,0,2,0
BRDA:44,0,3,0
BRF:4
BRH:1
end_of_record
TN:
SF:src/pages/Stats.tsx
FN:7,Stats
FN:33,(anonymous_1)
FN:37,(anonymous_2)
FN:120,(anonymous_3)
FN:168,(anonymous_4)
FN:174,(anonymous_5)
FN:178,(anonymous_6)
FN:199,(anonymous_7)
FN:204,(anonymous_8)
FNF:9
FNH:9
FNDA:12,Stats
FNDA:1,(anonymous_1)
FNDA:1,(anonymous_2)
FNDA:48,(anonymous_3)
FNDA:2,(anonymous_4)
FNDA:12,(anonymous_5)
FNDA:1,(anonymous_6)
FNDA:36,(anonymous_7)
FNDA:1,(anonymous_8)
DA:1,2
DA:2,2
DA:3,2
DA:4,2
DA:5,2
DA:7,2
DA:8,12
DA:9,12
DA:10,12
DA:11,12
DA:13,12
DA:20,12
DA:27,12
DA:33,12
DA:34,1
DA:37,12
DA:38,1
DA:39,1
DA:42,12
DA:121,48
DA:168,2
DA:175,12
DA:178,1
DA:200,36
DA:204,1
LF:25
LH:25
BRDA:172,0,0,12
BRDA:172,0,1,3
BRDA:180,1,0,3
BRDA:180,1,1,9
BRDA:213,2,0,12
BRDA:213,2,1,1
BRF:6
BRH:6
end_of_record
